epoch,acc,loss,val_acc,val_loss
0,0.23332,2.0659437313842774,0.3635,1.795964832496643
1,0.33438,1.7978005945205688,0.4054,1.6295631605148315
2,0.36656,1.7029349437713623,0.4216,1.5696261066436767
3,0.38466,1.6563352669525147,0.4323,1.5522586326599122
4,0.39748,1.6280000733566284,0.4544,1.4912067651748657
5,0.40758,1.6049197063446046,0.4657,1.4696583499908447
6,0.41556,1.5819367762374879,0.4688,1.4474858646392823
7,0.42064,1.5663230854797363,0.4769,1.429583048248291
8,0.43118,1.5491531063842774,0.476,1.4476790370941162
9,0.4399,1.5327819702148437,0.4888,1.4101730291366577
0,0.19112,2.187827058105469,0.2445,2.065958232307434
1,0.24422,2.056836482925415,0.2529,2.0344898645401
2,0.25702,2.015770226020813,0.2759,1.9650564331054687
3,0.26638,1.987917471847534,0.3001,1.916358850479126
4,0.27522,1.9699395150756835,0.3144,1.8896741577148437
5,0.28286,1.9526754649353026,0.3184,1.8644113466262817
6,0.29672,1.9191476205062865,0.3416,1.829186483001709
7,0.31338,1.8806292404937743,0.3353,1.8552290309906005
8,0.33294,1.8380944764709473,0.3805,1.7215592834472657
9,0.34604,1.7924663608551026,0.3949,1.6716143579483032
0,0.09916,2.3026874948120115,0.1,2.3025890365600588
1,0.09796,2.30265967590332,0.1,2.302587135696411
2,0.10104,2.302641347351074,0.1,2.302587986373901
3,0.10014,2.302630397872925,0.1,2.3025860843658448
4,0.0988,2.3026144133758546,0.1,2.302586026763916
5,0.0982,2.302642947692871,0.1,2.302585549545288
6,0.0998,2.3026373709106447,0.1,2.3025855255126952
7,0.0981,2.302635885772705,0.1,2.302586488723755
8,0.0979,2.3026383473205567,0.1,2.3025864921569825
9,0.09636,2.302642930908203,0.1,2.302586448287964
0,0.09752,2.3026963098144533,0.1,2.3025940711975097
1,0.10068,2.3026640740966795,0.1,2.302588558959961
2,0.09914,2.30265499458313,0.1,2.3025896537780763
3,0.09852,2.3026397465515136,0.1,2.302587100982666
4,0.09956,2.3026442849731446,0.1,2.3025868377685548
5,0.09984,2.3026253915405275,0.1,2.302587254714966
6,0.09616,2.3026532122802736,0.1,2.302586513900757
7,0.09784,2.302665012588501,0.1,2.302586572265625
8,0.09804,2.3026826261901854,0.1,2.302587120437622
9,0.09922,2.3026326152801513,0.1,2.3025878215789795
0,0.09914,2.3026828997802733,0.1,2.3026035762786865
1,0.09694,2.302709002532959,0.1,2.3025867740631103
2,0.09908,2.302629972457886,0.1,2.302588193511963
3,0.09802,2.3026456169128418,0.1,2.302586827468872
4,0.0983,2.3026527859497072,0.1,2.302586822128296
5,0.09728,2.302655878753662,0.1,2.302587268447876
6,0.10126,2.3026240700531004,0.1,2.302589121246338
7,0.09606,2.302662911529541,0.1,2.3025865264892578
8,0.09928,2.3026454483032226,0.1,2.302586618041992
9,0.09806,2.3026582201385497,0.1,2.3025863067626955
0,0.09792,2.3026968774414063,0.1,2.3026008567810057
1,0.09946,2.3026791181945803,0.1,2.3025895431518553
2,0.09832,2.3026410203552246,0.1,2.302586534118652
3,0.09754,2.302649359664917,0.1,2.302585789489746
4,0.09616,2.302635759048462,0.1,2.3025868118286135
5,0.09672,2.3026405564880372,0.1,2.3025864349365235
6,0.09956,2.3026477882385255,0.1,2.3025864028930663
7,0.09848,2.3026310076904295,0.1,2.3025866485595703
8,0.0973,2.302652942047119,0.1,2.302586156463623
9,0.09764,2.3026389683532713,0.1,2.3025856941223144
0,0.09974,2.3026778591918946,0.1,2.3026299240112307
1,0.09544,2.302696470413208,0.1,2.3025989543914793
2,0.09744,2.302701250228882,0.1,2.3025870849609373
3,0.09806,2.302662845611572,0.1,2.3025866470336913
4,0.09794,2.302671169433594,0.1,2.302586376953125
5,0.10038,2.30263287399292,0.1,2.3025877208709717
6,0.09804,2.302651954727173,0.1,2.3025885681152345
7,0.09836,2.302646717071533,0.1,2.302586388397217
8,0.09742,2.3026807862854004,0.1,2.302586127471924
9,0.09846,2.302639902038574,0.1,2.3025860858917238
0,0.0977,2.302705394592285,0.1,2.3025874042510988
1,0.09564,2.3026685234069824,0.1,2.3025868309021
2,0.09538,2.302662631378174,0.1,2.302585747528076
3,0.0996,2.302625358200073,0.1,2.3025863349914553
4,0.09866,2.302654859161377,0.1,2.3025859539031983
5,0.099,2.3026267224884034,0.1,2.302586360168457
6,0.09976,2.3026381353759766,0.1,2.3025864974975585
7,0.09878,2.3026312470245363,0.1,2.3025868385314943
8,0.09702,2.302638744277954,0.1,2.302585771560669
9,0.09796,2.302645412979126,0.1,2.302586120605469
0,0.22186,2.083519578475952,0.3154,1.881078038406372
1,0.30634,1.8798967247772216,0.366,1.751001545715332
2,0.35108,1.765296813430786,0.4001,1.633063423538208
3,0.3728,1.6978257646942139,0.4267,1.5655983057022094
4,0.39052,1.653156199798584,0.4445,1.5220611099243164
5,0.40294,1.619098391494751,0.4679,1.478627260017395
6,0.42048,1.5839310884857178,0.4788,1.4463699142456055
7,0.43146,1.555522512435913,0.4924,1.4076490423202515
8,0.44336,1.52647875289917,0.5058,1.3788245391845704
9,0.45166,1.5056550968933105,0.5127,1.3739987493515016
0,0.23576,2.050698611907959,0.3545,1.8245573818206786
1,0.33274,1.8178962519073487,0.4019,1.667157364654541
0,0.22044,2.0812312139892577,0.3351,1.8364062294006347
1,0.3309,1.8046699726104736,0.3966,1.643202873802185
0,0.18654,2.153831541900635,0.2848,1.9857762702941895
1,0.2856,1.9447400959777832,0.368,1.807280983352661
0,0.20682,2.1176401094818114,0.3205,1.9190721195220948
1,0.30522,1.901401692199707,0.3635,1.7882456174850463
0,0.18008,2.1958001381683347,0.2543,2.0475417491912844
1,0.24458,2.060976968231201,0.2898,1.9764454639434814
0,0.09692,2.3026930040740967,0.1,2.3025878456115723
1,0.098,2.3026268872070315,0.1,2.302587257385254
0,0.17908,2.196127156906128,0.3164,1.9924828075408936
1,0.3165,1.8828998441314697,0.3385,1.8229916542053222
0,0.1703,2.2143732592773437,0.2516,2.070850377655029
1,0.2442,2.075909701156616,0.2844,1.9807238765716553
